<?xml version="1.0" encoding="UTF-8"?>
<!-- Generated by org.testng.reporters.JUnitXMLReporter -->
<testsuite ignored="0" hostname="tantawy" failures="0" tests="5" name="Default test" time="42.354" errors="0" timestamp="2022-06-03T17:42:04 EET">
  <testcase classname="start" name="Signin" time="1.69"/>
  <testcase classname="start" name="valid" time="0.834"/>
  <testcase classname="start" name="Regiset" time="8.671"/>
  <testcase classname="start" name="search" time="1.862"/>
  <testcase classname="start" name="buyitem" time="20.905"/>
</testsuite> <!-- Default test -->
